# JRE version: OpenJDK Runtime Environment Temurin-21.0.2+13 (21.0.2+13) (build 21.0.2+13-LTS)
# Java VM: OpenJDK 64-Bit Server VM Temurin-21.0.2+13 (21.0.2+13-LTS, mixed mode, sharing, tiered, compressed oops, compressed class ptrs, g1 gc, windows-amd64)
GC Precious Log:
 CardTable entry size: 512
 Card Set container configuration: InlinePtr #cards 4 size 8 Array Of Cards #cards 32 size 80 Howl #buckets 8 coarsen threshold 7372 Howl Bitmap #cards 1024 size 144 coarsen threshold 921 Card regions per heap region 1 cards per card region 8192
 CPUs: 12 total, 12 available
 Memory: 32712M
 Large Page Support: Disabled
 NUMA Support: Disabled
 Compressed Oops: Enabled (Zero based)
 Heap Region Size: 4M
 Heap Min Capacity: 1G
 Heap Initial Capacity: 1G
 Heap Max Capacity: 8180M
 Pre-touch: Disabled
 Parallel Workers: 10
 Concurrent Workers: 3
 Concurrent Refinement Workers: 10
 Periodic GC: Disabled
Heap:
 garbage-first heap   total 1048576K, used 78920K [0x0000000600c00000, 0x0000000800000000)
  region size 4096K, 2 young (8192K), 2 survivors (8192K)
 Metaspace       used 84935K, committed 86784K, reserved 1179648K
  class space    used 8865K, committed 9664K, reserved 1048576K
GC Heap History (20 events):
Event: 694.452 GC heap before
{Heap before GC invocations=21 (full 0):
 garbage-first heap   total 1048576K, used 673412K [0x0000000600c00000, 0x0000000800000000)
  region size 4096K, 153 young (626688K), 6 survivors (24576K)
 Metaspace       used 83885K, committed 85440K, reserved 1179648K
  class space    used 8908K, committed 9600K, reserved 1048576K
}
Event: 694.460 GC heap after
{Heap after GC invocations=22 (full 0):
 garbage-first heap   total 1048576K, used 77120K [0x0000000600c00000, 0x0000000800000000)
  region size 4096K, 6 young (24576K), 6 survivors (24576K)
 Metaspace       used 83885K, committed 85440K, reserved 1179648K
  class space    used 8908K, committed 9600K, reserved 1048576K
}
Event: 744.688 GC heap before
{Heap before GC invocations=22 (full 0):
 garbage-first heap   total 1048576K, used 679232K [0x0000000600c00000, 0x0000000800000000)
  region size 4096K, 153 young (626688K), 6 survivors (24576K)
 Metaspace       used 84436K, committed 85888K, reserved 1179648K
  class space    used 8938K, committed 9600K, reserved 1048576K
}
Event: 744.695 GC heap after
{Heap after GC invocations=23 (full 0):
 garbage-first heap   total 1048576K, used 78167K [0x0000000600c00000, 0x0000000800000000)
  region size 4096K, 7 young (28672K), 7 survivors (28672K)
 Metaspace       used 84436K, committed 85888K, reserved 1179648K
  class space    used 8938K, committed 9600K, reserved 1048576K
}
Event: 766.442 GC heap before
{Heap before GC invocations=23 (full 0):
 garbage-first heap   total 1048576K, used 676183K [0x0000000600c00000, 0x0000000800000000)
  region size 4096K, 153 young (626688K), 7 survivors (28672K)
 Metaspace       used 84478K, committed 86016K, reserved 1179648K
  class space    used 8940K, committed 9664K, reserved 1048576K
}
Event: 766.450 GC heap after
{Heap after GC invocations=24 (full 0):
 garbage-first heap   total 1048576K, used 75530K [0x0000000600c00000, 0x0000000800000000)
  region size 4096K, 6 young (24576K), 6 survivors (24576K)
 Metaspace       used 84478K, committed 86016K, reserved 1179648K
  class space    used 8940K, committed 9664K, reserved 1048576K
}
Event: 819.042 GC heap before
{Heap before GC invocations=24 (full 0):
 garbage-first heap   total 1048576K, used 673546K [0x0000000600c00000, 0x0000000800000000)
  region size 4096K, 153 young (626688K), 6 survivors (24576K)
 Metaspace       used 84562K, committed 86144K, reserved 1179648K
  class space    used 8940K, committed 9664K, reserved 1048576K
}
Event: 819.051 GC heap after
{Heap after GC invocations=25 (full 0):
 garbage-first heap   total 1048576K, used 77874K [0x0000000600c00000, 0x0000000800000000)
  region size 4096K, 7 young (28672K), 7 survivors (28672K)
 Metaspace       used 84562K, committed 86144K, reserved 1179648K
  class space    used 8940K, committed 9664K, reserved 1048576K
}
Event: 859.079 GC heap before
{Heap before GC invocations=25 (full 0):
 garbage-first heap   total 1048576K, used 675890K [0x0000000600c00000, 0x0000000800000000)
  region size 4096K, 153 young (626688K), 7 survivors (28672K)
 Metaspace       used 84649K, committed 86208K, reserved 1179648K
  class space    used 8943K, committed 9664K, reserved 1048576K
}
Event: 859.088 GC heap after
{Heap after GC invocations=26 (full 0):
 garbage-first heap   total 1048576K, used 77906K [0x0000000600c00000, 0x0000000800000000)
  region size 4096K, 5 young (20480K), 5 survivors (20480K)
 Metaspace       used 84649K, committed 86208K, reserved 1179648K
  class space    used 8943K, committed 9664K, reserved 1048576K
}
Event: 880.262 GC heap before
{Heap before GC invocations=26 (full 0):
 garbage-first heap   total 1048576K, used 680018K [0x0000000600c00000, 0x0000000800000000)
  region size 4096K, 153 young (626688K), 5 survivors (20480K)
 Metaspace       used 84796K, committed 86336K, reserved 1179648K
  class space    used 8946K, committed 9664K, reserved 1048576K
}
Event: 880.267 GC heap after
{Heap after GC invocations=27 (full 0):
 garbage-first heap   total 1048576K, used 77383K [0x0000000600c00000, 0x0000000800000000)
  region size 4096K, 5 young (20480K), 5 survivors (20480K)
 Metaspace       used 84796K, committed 86336K, reserved 1179648K
  class space    used 8946K, committed 9664K, reserved 1048576K
}
Event: 935.552 GC heap before
{Heap before GC invocations=27 (full 0):
 garbage-first heap   total 1048576K, used 683591K [0x0000000600c00000, 0x0000000800000000)
  region size 4096K, 153 young (626688K), 5 survivors (20480K)
 Metaspace       used 84900K, committed 86464K, reserved 1179648K
  class space    used 8958K, committed 9664K, reserved 1048576K
}
Event: 935.556 GC heap after
{Heap after GC invocations=28 (full 0):
 garbage-first heap   total 1048576K, used 80902K [0x0000000600c00000, 0x0000000800000000)
  region size 4096K, 6 young (24576K), 6 survivors (24576K)
 Metaspace       used 84900K, committed 86464K, reserved 1179648K
  class space    used 8958K, committed 9664K, reserved 1048576K
}
Event: 969.117 GC heap before
{Heap before GC invocations=28 (full 0):
 garbage-first heap   total 1048576K, used 683014K [0x0000000600c00000, 0x0000000800000000)
  region size 4096K, 153 young (626688K), 6 survivors (24576K)
 Metaspace       used 85008K, committed 86528K, reserved 1179648K
  class space    used 8959K, committed 9664K, reserved 1048576K
}
Event: 969.121 GC heap after
{Heap after GC invocations=29 (full 0):
 garbage-first heap   total 1048576K, used 79028K [0x0000000600c00000, 0x0000000800000000)
  region size 4096K, 5 young (20480K), 5 survivors (20480K)
 Metaspace       used 85008K, committed 86528K, reserved 1179648K
  class space    used 8959K, committed 9664K, reserved 1048576K
}
Event: 181796.994 GC heap before
{Heap before GC invocations=29 (full 0):
 garbage-first heap   total 1048576K, used 640180K [0x0000000600c00000, 0x0000000800000000)
  region size 4096K, 144 young (589824K), 5 survivors (20480K)
 Metaspace       used 85255K, committed 86784K, reserved 1179648K
  class space    used 8961K, committed 9664K, reserved 1048576K
}
Event: 181797.016 GC heap after
{Heap after GC invocations=30 (full 0):
 garbage-first heap   total 1048576K, used 78384K [0x0000000600c00000, 0x0000000800000000)
  region size 4096K, 5 young (20480K), 5 survivors (20480K)
 Metaspace       used 85255K, committed 86784K, reserved 1179648K
  class space    used 8961K, committed 9664K, reserved 1048576K
}
Event: 781033.692 GC heap before
{Heap before GC invocations=31 (full 0):
 garbage-first heap   total 1048576K, used 111152K [0x0000000600c00000, 0x0000000800000000)
  region size 4096K, 14 young (57344K), 5 survivors (20480K)
 Metaspace       used 84935K, committed 86784K, reserved 1179648K
  class space    used 8865K, committed 9664K, reserved 1048576K
}
Event: 781033.752 GC heap after
{Heap after GC invocations=32 (full 0):
 garbage-first heap   total 1048576K, used 78920K [0x0000000600c00000, 0x0000000800000000)
  region size 4096K, 2 young (8192K), 2 survivors (8192K)
 Metaspace       used 84935K, committed 86784K, reserved 1179648K
  class space    used 8865K, committed 9664K, reserved 1048576K
}

